build/outputs/logs/manifest-merger-release-report.txt
-- Merging decision tree log ---
manifest
ADDED from AndroidManifest.xml:2:1
	package
		ADDED from AndroidManifest.xml:3:5
		INJECTED from AndroidManifest.xml:0:0
		INJECTED from AndroidManifest.xml:0:0
	android:versionName
		ADDED from AndroidManifest.xml:5:5
	android:versionCode
		ADDED from AndroidManifest.xml:4:5
		INJECTED from AndroidManifest.xml:0:0
		INJECTED from AndroidManifest.xml:0:0
	xmlns:android
		ADDED from AndroidManifest.xml:2:11
	android:installLocation
		ADDED from AndroidManifest.xml:5:31
uses-sdk
ADDED from AndroidManifest.xml:7:5
	android:targetSdkVersion
		ADDED from AndroidManifest.xml:9:9
		INJECTED from AndroidManifest.xml:0:0
		INJECTED from AndroidManifest.xml:0:0
	android:minSdkVersion
		ADDED from AndroidManifest.xml:8:9
		INJECTED from AndroidManifest.xml:0:0
		INJECTED from AndroidManifest.xml:0:0
application
ADDED from AndroidManifest.xml:10:5
activity#com.aerialgames.hashgame.MainActivity
ADDED from AndroidManifest.xml:11:9
	android:enabled
		ADDED from AndroidManifest.xml:11:47
	android:name
		ADDED from AndroidManifest.xml:11:19
intent-filter#android.intent.action.MAIN+android.intent.category.LAUNCHER
ADDED from AndroidManifest.xml:12:13
	android:logo
		ADDED from AndroidManifest.xml:12:28
category#android.intent.category.LAUNCHER
ADDED from AndroidManifest.xml:13:17
	android:name
		ADDED from AndroidManifest.xml:13:27
action#android.intent.action.MAIN
ADDED from AndroidManifest.xml:14:17
	android:name
		ADDED from AndroidManifest.xml:14:25